#
# A fatal error has been detected by the Java Runtime Environment:
#
#  Internal Error (constantPoolOop.hpp:255), pid=6044, tid=1068
#  Error: guarantee(tag_at(which).is_klass(),"Corrupted constant pool")
#
# JRE version: 6.0_22-b04
# Java VM: Java HotSpot(TM) Client VM (17.1-b03 mixed mode windows-x86 )
# If you would like to submit a bug report, please visit:
#   http://java.sun.com/webapps/bugreport/crash.jsp
#

---------------  T H R E A D  ---------------

Current thread (0x19b29c00):  JavaThread "qtp24549422-21" [_thread_in_vm, id=1068, stack(0x1b250000,0x1b2a0000)]

Stack: [0x1b250000,0x1b2a0000],  sp=0x1b29e288,  free space=1381b29e298k
Native frames: (J=compiled Java code, j=interpreted, Vv=VM code, C=native code)
V  [jvm.dll+0x1fd0f0]
V  [jvm.dll+0xa45c8]
V  [jvm.dll+0x65388]
V  [jvm.dll+0xa2650]
V  [jvm.dll+0x5b022]
V  [jvm.dll+0x127ddf]
j  java.lang.Class.getEnclosingMethod0()[Ljava/lang/Object;+0
j  java.lang.Class.getEnclosingMethodInfo()Ljava/lang/Class$EnclosingMethodInfo;+1
j  java.lang.Class.getEnclosingClass()Ljava/lang/Class;+1
j  java.lang.Class.getSimpleBinaryName()Ljava/lang/String;+1
j  java.lang.Class.getSimpleName()Ljava/lang/String;+34
j  org.apache.wicket.MarkupContainer.toString(Z)Ljava/lang/String;+18
j  org.apache.wicket.MarkupContainer.toString()Ljava/lang/String;+2
J  org.apache.wicket.Page$3.component(Lorg/apache/wicket/Component;Lorg/apache/wicket/util/visit/IVisit;)V
J  org.apache.wicket.Page$3.component(Ljava/lang/Object;Lorg/apache/wicket/util/visit/IVisit;)V
J  org.apache.wicket.util.visit.Visits.visitChildren(Ljava/lang/Iterable;Lorg/apache/wicket/util/visit/IVisitor;Lorg/apache/wicket/util/visit/IVisitFilter;Lorg/apache/wicket/util/visit/Visit;)V
J  org.apache.wicket.util.visit.Visits.visitChildren(Ljava/lang/Iterable;Lorg/apache/wicket/util/visit/IVisitor;Lorg/apache/wicket/util/visit/IVisitFilter;Lorg/apache/wicket/util/visit/Visit;)V
J  org.apache.wicket.util.visit.Visits.visitChildren(Ljava/lang/Iterable;Lorg/apache/wicket/util/visit/IVisitor;Lorg/apache/wicket/util/visit/IVisitFilter;Lorg/apache/wicket/util/visit/Visit;)V
J  org.apache.wicket.util.visit.Visits.visitChildren(Ljava/lang/Iterable;Lorg/apache/wicket/util/visit/IVisitor;Lorg/apache/wicket/util/visit/IVisitFilter;Lorg/apache/wicket/util/visit/Visit;)V
J  org.apache.wicket.MarkupContainer.visitChildren(Lorg/apache/wicket/util/visit/IVisitor;)Ljava/lang/Object;
j  org.apache.wicket.Page.checkRendering(Lorg/apache/wicket/MarkupContainer;)V+46
j  org.apache.wicket.Page.onAfterRender()V+6
j  org.apache.wicket.markup.html.WebPage.onAfterRender()V+1
J  org.apache.wicket.Component.afterRender()V
j  org.apache.wicket.Component.render()V+57
j  org.apache.wicket.Page.renderPage()V+35
j  org.apache.wicket.request.handler.render.WebPageRenderer.renderPage(Lorg/apache/wicket/request/Url;Lorg/apache/wicket/request/cycle/RequestCycle;)Lorg/apache/wicket/protocol/http/BufferedWebResponse;+46
j  org.apache.wicket.request.handler.render.WebPageRenderer.respond(Lorg/apache/wicket/request/cycle/RequestCycle;)V+165
j  org.apache.wicket.request.handler.RenderPageRequestHandler.respond(Lorg/apache/wicket/request/IRequestCycle;)V+21
j  org.apache.wicket.request.cycle.RequestCycle$HandlerExecutor.respond(Lorg/apache/wicket/request/IRequestHandler;)V+13
j  org.apache.wicket.request.RequestHandlerStack.execute(Lorg/apache/wicket/request/IRequestHandler;)V+21
j  org.apache.wicket.request.cycle.RequestCycle.execute(Lorg/apache/wicket/request/IRequestHandler;)V+21
j  org.apache.wicket.request.cycle.RequestCycle.processRequest()Z+27
j  org.apache.wicket.request.cycle.RequestCycle.processRequestAndDetach()Z+1
j  org.apache.wicket.protocol.http.WicketFilter.processRequest(Ljavax/servlet/ServletRequest;Ljavax/servlet/ServletResponse;Ljavax/servlet/FilterChain;)Z+208
j  org.apache.wicket.protocol.http.WicketFilter.doFilter(Ljavax/servlet/ServletRequest;Ljavax/servlet/ServletResponse;Ljavax/servlet/FilterChain;)V+4
j  org.eclipse.jetty.servlet.ServletHandler$CachedChain.doFilter(Ljavax/servlet/ServletRequest;Ljavax/servlet/ServletResponse;)V+77
j  org.springframework.security.web.FilterChainProxy$VirtualFilterChain.doFilter(Ljavax/servlet/ServletRequest;Ljavax/servlet/ServletResponse;)V+68
j  org.springframework.security.web.access.intercept.FilterSecurityInterceptor.invoke(Lorg/springframework/security/web/FilterInvocation;)V+87
j  org.springframework.security.web.access.intercept.FilterSecurityInterceptor.doFilter(Ljavax/servlet/ServletRequest;Ljavax/servlet/ServletResponse;Ljavax/servlet/FilterChain;)V+15
j  org.springframework.security.web.FilterChainProxy$VirtualFilterChain.doFilter(Ljavax/servlet/ServletRequest;Ljavax/servlet/ServletResponse;)V+194
j  org.springframework.security.web.access.ExceptionTranslationFilter.doFilter(Ljavax/servlet/ServletRequest;Ljavax/servlet/ServletResponse;Ljavax/servlet/FilterChain;)V+17
j  org.springframework.security.web.FilterChainProxy$VirtualFilterChain.doFilter(Ljavax/servlet/ServletRequest;Ljavax/servlet/ServletResponse;)V+194
j  org.springframework.security.web.session.SessionManagementFilter.doFilter(Ljavax/servlet/ServletRequest;Ljavax/servlet/ServletResponse;Ljavax/servlet/FilterChain;)V+294
j  org.springframework.security.web.FilterChainProxy$VirtualFilterChain.doFilter(Ljavax/servlet/ServletRequest;Ljavax/servlet/ServletResponse;)V+194
j  org.springframework.security.web.authentication.AnonymousAuthenticationFilter.doFilter(Ljavax/servlet/ServletRequest;Ljavax/servlet/ServletResponse;Ljavax/servlet/FilterChain;)V+148
j  org.springframework.security.web.FilterChainProxy$VirtualFilterChain.doFilter(Ljavax/servlet/ServletRequest;Ljavax/servlet/ServletResponse;)V+194
j  org.springframework.security.web.authentication.rememberme.RememberMeAuthenticationFilter.doFilter(Ljavax/servlet/ServletRequest;Ljavax/servlet/ServletResponse;Ljavax/servlet/FilterChain;)V+309
j  org.springframework.security.web.FilterChainProxy$VirtualFilterChain.doFilter(Ljavax/servlet/ServletRequest;Ljavax/servlet/ServletResponse;)V+194
j  org.springframework.security.web.servletapi.SecurityContextHolderAwareRequestFilter.doFilter(Ljavax/servlet/ServletRequest;Ljavax/servlet/ServletResponse;Ljavax/servlet/FilterChain;)V+17
j  org.springframework.security.web.FilterChainProxy$VirtualFilterChain.doFilter(Ljavax/servlet/ServletRequest;Ljavax/servlet/ServletResponse;)V+194
j  org.springframework.security.web.savedrequest.RequestCacheAwareFilter.doFilter(Ljavax/servlet/ServletRequest;Ljavax/servlet/ServletResponse;Ljavax/servlet/FilterChain;)V+32
j  org.springframework.security.web.FilterChainProxy$VirtualFilterChain.doFilter(Ljavax/servlet/ServletRequest;Ljavax/servlet/ServletResponse;)V+194
j  org.springframework.security.web.authentication.www.BasicAuthenticationFilter.doFilter(Ljavax/servlet/ServletRequest;Ljavax/servlet/ServletResponse;Ljavax/servlet/FilterChain;)V+414
j  org.springframework.security.web.FilterChainProxy$VirtualFilterChain.doFilter(Ljavax/servlet/ServletRequest;Ljavax/servlet/ServletResponse;)V+194
j  org.springframework.security.web.authentication.ui.DefaultLoginPageGeneratingFilter.doFilter(Ljavax/servlet/ServletRequest;Ljavax/servlet/ServletResponse;Ljavax/servlet/FilterChain;)V+68
j  org.springframework.security.web.FilterChainProxy$VirtualFilterChain.doFilter(Ljavax/servlet/ServletRequest;Ljavax/servlet/ServletResponse;)V+194
j  org.springframework.security.web.authentication.AbstractAuthenticationProcessingFilter.doFilter(Ljavax/servlet/ServletRequest;Ljavax/servlet/ServletResponse;Ljavax/servlet/FilterChain;)V+28
j  org.springframework.security.web.FilterChainProxy$VirtualFilterChain.doFilter(Ljavax/servlet/ServletRequest;Ljavax/servlet/ServletResponse;)V+194
j  org.springframework.security.web.authentication.logout.LogoutFilter.doFilter(Ljavax/servlet/ServletRequest;Ljavax/servlet/ServletResponse;Ljavax/servlet/FilterChain;)V+149
j  org.springframework.security.web.FilterChainProxy$VirtualFilterChain.doFilter(Ljavax/servlet/ServletRequest;Ljavax/servlet/ServletResponse;)V+194
j  org.springframework.security.web.context.SecurityContextPersistenceFilter.doFilter(Ljavax/servlet/ServletRequest;Ljavax/servlet/ServletResponse;Ljavax/servlet/FilterChain;)V+165
j  org.springframework.security.web.FilterChainProxy$VirtualFilterChain.doFilter(Ljavax/servlet/ServletRequest;Ljavax/servlet/ServletResponse;)V+194
j  org.springframework.security.web.FilterChainProxy.doFilter(Ljavax/servlet/ServletRequest;Ljavax/servlet/ServletResponse;Ljavax/servlet/FilterChain;)V+146
j  org.springframework.web.filter.DelegatingFilterProxy.invokeDelegate(Ljavax/servlet/Filter;Ljavax/servlet/ServletRequest;Ljavax/servlet/ServletResponse;Ljavax/servlet/FilterChain;)V+5
j  org.springframework.web.filter.DelegatingFilterProxy.doFilter(Ljavax/servlet/ServletRequest;Ljavax/servlet/ServletResponse;Ljavax/servlet/FilterChain;)V+71
j  org.eclipse.jetty.servlet.ServletHandler$CachedChain.doFilter(Ljavax/servlet/ServletRequest;Ljavax/servlet/ServletResponse;)V+77
j  org.eclipse.jetty.servlet.ServletHandler.doHandle(Ljava/lang/String;Lorg/eclipse/jetty/server/Request;Ljavax/servlet/http/HttpServletRequest;Ljavax/servlet/http/HttpServletResponse;)V+183
j  org.eclipse.jetty.server.handler.ScopedHandler.handle(Ljava/lang/String;Lorg/eclipse/jetty/server/Request;Ljavax/servlet/http/HttpServletRequest;Ljavax/servlet/http/HttpServletResponse;)V+25
j  org.eclipse.jetty.security.SecurityHandler.handle(Ljava/lang/String;Lorg/eclipse/jetty/server/Request;Ljavax/servlet/http/HttpServletRequest;Ljavax/servlet/http/HttpServletResponse;)V+558
j  org.eclipse.jetty.server.session.SessionHandler.doHandle(Ljava/lang/String;Lorg/eclipse/jetty/server/Request;Ljavax/servlet/http/HttpServletRequest;Ljavax/servlet/http/HttpServletResponse;)V+68
j  org.eclipse.jetty.server.handler.ContextHandler.doHandle(Ljava/lang/String;Lorg/eclipse/jetty/server/Request;Ljavax/servlet/http/HttpServletRequest;Ljavax/servlet/http/HttpServletResponse;)V+206
j  org.eclipse.jetty.servlet.ServletHandler.doScope(Ljava/lang/String;Lorg/eclipse/jetty/server/Request;Ljavax/servlet/http/HttpServletRequest;Ljavax/servlet/http/HttpServletResponse;)V+322
j  org.eclipse.jetty.server.session.SessionHandler.doScope(Ljava/lang/String;Lorg/eclipse/jetty/server/Request;Ljavax/servlet/http/HttpServletRequest;Ljavax/servlet/http/HttpServletResponse;)V+233
j  org.eclipse.jetty.server.handler.ContextHandler.doScope(Ljava/lang/String;Lorg/eclipse/jetty/server/Request;Ljavax/servlet/http/HttpServletRequest;Ljavax/servlet/http/HttpServletResponse;)V+451
j  org.eclipse.jetty.server.handler.ScopedHandler.handle(Ljava/lang/String;Lorg/eclipse/jetty/server/Request;Ljavax/servlet/http/HttpServletRequest;Ljavax/servlet/http/HttpServletResponse;)V+13
j  org.eclipse.jetty.server.handler.ContextHandlerCollection.handle(Ljava/lang/String;Lorg/eclipse/jetty/server/Request;Ljavax/servlet/http/HttpServletRequest;Ljavax/servlet/http/HttpServletResponse;)V+399
j  org.eclipse.jetty.server.handler.HandlerCollection.handle(Ljava/lang/String;Lorg/eclipse/jetty/server/Request;Ljavax/servlet/http/HttpServletRequest;Ljavax/servlet/http/HttpServletResponse;)V+42
j  org.eclipse.jetty.server.handler.HandlerWrapper.handle(Ljava/lang/String;Lorg/eclipse/jetty/server/Request;Ljavax/servlet/http/HttpServletRequest;Ljavax/servlet/http/HttpServletResponse;)V+23
j  org.eclipse.jetty.server.Server.handle(Lorg/eclipse/jetty/server/HttpConnection;)V+134
j  org.eclipse.jetty.server.HttpConnection.handleRequest()V+228
j  org.eclipse.jetty.server.HttpConnection$RequestHandler.headerComplete()V+421
J  org.eclipse.jetty.http.HttpParser.parseNext()I
j  org.eclipse.jetty.http.HttpParser.parseAvailable()I+1
j  org.eclipse.jetty.server.AsyncHttpConnection.handle()Lorg/eclipse/jetty/io/Connection;+102
j  org.eclipse.jetty.io.nio.SelectChannelEndPoint.handle()V+10
j  org.eclipse.jetty.io.nio.SelectChannelEndPoint$1.run()V+4
J  org.eclipse.jetty.util.thread.QueuedThreadPool.runJob(Ljava/lang/Runnable;)V
j  org.eclipse.jetty.util.thread.QueuedThreadPool$3.run()V+47
j  java.lang.Thread.run()V+11
v  ~StubRoutines::call_stub
V  [jvm.dll+0xf3a9c]
V  [jvm.dll+0x186591]
V  [jvm.dll+0xf3c67]
V  [jvm.dll+0xf3cdd]
V  [jvm.dll+0x11da00]
V  [jvm.dll+0x1e7004]
V  [jvm.dll+0x185f3c]
C  [msvcr71.dll+0x9565]
C  [kernel32.dll+0x13677]
...<more frames>...

Java frames: (J=compiled Java code, j=interpreted, Vv=VM code)
j  java.lang.Class.getEnclosingMethod0()[Ljava/lang/Object;+0
j  java.lang.Class.getEnclosingMethodInfo()Ljava/lang/Class$EnclosingMethodInfo;+1
j  java.lang.Class.getEnclosingClass()Ljava/lang/Class;+1
j  java.lang.Class.getSimpleBinaryName()Ljava/lang/String;+1
j  java.lang.Class.getSimpleName()Ljava/lang/String;+34
j  org.apache.wicket.MarkupContainer.toString(Z)Ljava/lang/String;+18
j  org.apache.wicket.MarkupContainer.toString()Ljava/lang/String;+2
J  org.apache.wicket.Page$3.component(Lorg/apache/wicket/Component;Lorg/apache/wicket/util/visit/IVisit;)V
J  org.apache.wicket.Page$3.component(Ljava/lang/Object;Lorg/apache/wicket/util/visit/IVisit;)V
J  org.apache.wicket.util.visit.Visits.visitChildren(Ljava/lang/Iterable;Lorg/apache/wicket/util/visit/IVisitor;Lorg/apache/wicket/util/visit/IVisitFilter;Lorg/apache/wicket/util/visit/Visit;)V
J  org.apache.wicket.util.visit.Visits.visitChildren(Ljava/lang/Iterable;Lorg/apache/wicket/util/visit/IVisitor;Lorg/apache/wicket/util/visit/IVisitFilter;Lorg/apache/wicket/util/visit/Visit;)V
J  org.apache.wicket.util.visit.Visits.visitChildren(Ljava/lang/Iterable;Lorg/apache/wicket/util/visit/IVisitor;Lorg/apache/wicket/util/visit/IVisitFilter;Lorg/apache/wicket/util/visit/Visit;)V
J  org.apache.wicket.util.visit.Visits.visitChildren(Ljava/lang/Iterable;Lorg/apache/wicket/util/visit/IVisitor;Lorg/apache/wicket/util/visit/IVisitFilter;Lorg/apache/wicket/util/visit/Visit;)V
J  org.apache.wicket.MarkupContainer.visitChildren(Lorg/apache/wicket/util/visit/IVisitor;)Ljava/lang/Object;
j  org.apache.wicket.Page.checkRendering(Lorg/apache/wicket/MarkupContainer;)V+46
j  org.apache.wicket.Page.onAfterRender()V+6
j  org.apache.wicket.markup.html.WebPage.onAfterRender()V+1
J  org.apache.wicket.Component.afterRender()V
j  org.apache.wicket.Component.render()V+57
j  org.apache.wicket.Page.renderPage()V+35
j  org.apache.wicket.request.handler.render.WebPageRenderer.renderPage(Lorg/apache/wicket/request/Url;Lorg/apache/wicket/request/cycle/RequestCycle;)Lorg/apache/wicket/protocol/http/BufferedWebResponse;+46
j  org.apache.wicket.request.handler.render.WebPageRenderer.respond(Lorg/apache/wicket/request/cycle/RequestCycle;)V+165
j  org.apache.wicket.request.handler.RenderPageRequestHandler.respond(Lorg/apache/wicket/request/IRequestCycle;)V+21
j  org.apache.wicket.request.cycle.RequestCycle$HandlerExecutor.respond(Lorg/apache/wicket/request/IRequestHandler;)V+13
j  org.apache.wicket.request.RequestHandlerStack.execute(Lorg/apache/wicket/request/IRequestHandler;)V+21
j  org.apache.wicket.request.cycle.RequestCycle.execute(Lorg/apache/wicket/request/IRequestHandler;)V+21
j  org.apache.wicket.request.cycle.RequestCycle.processRequest()Z+27
j  org.apache.wicket.request.cycle.RequestCycle.processRequestAndDetach()Z+1
j  org.apache.wicket.protocol.http.WicketFilter.processRequest(Ljavax/servlet/ServletRequest;Ljavax/servlet/ServletResponse;Ljavax/servlet/FilterChain;)Z+208
j  org.apache.wicket.protocol.http.WicketFilter.doFilter(Ljavax/servlet/ServletRequest;Ljavax/servlet/ServletResponse;Ljavax/servlet/FilterChain;)V+4
j  org.eclipse.jetty.servlet.ServletHandler$CachedChain.doFilter(Ljavax/servlet/ServletRequest;Ljavax/servlet/ServletResponse;)V+77
j  org.springframework.security.web.FilterChainProxy$VirtualFilterChain.doFilter(Ljavax/servlet/ServletRequest;Ljavax/servlet/ServletResponse;)V+68
j  org.springframework.security.web.access.intercept.FilterSecurityInterceptor.invoke(Lorg/springframework/security/web/FilterInvocation;)V+87
j  org.springframework.security.web.access.intercept.FilterSecurityInterceptor.doFilter(Ljavax/servlet/ServletRequest;Ljavax/servlet/ServletResponse;Ljavax/servlet/FilterChain;)V+15
j  org.springframework.security.web.FilterChainProxy$VirtualFilterChain.doFilter(Ljavax/servlet/ServletRequest;Ljavax/servlet/ServletResponse;)V+194
j  org.springframework.security.web.access.ExceptionTranslationFilter.doFilter(Ljavax/servlet/ServletRequest;Ljavax/servlet/ServletResponse;Ljavax/servlet/FilterChain;)V+17
j  org.springframework.security.web.FilterChainProxy$VirtualFilterChain.doFilter(Ljavax/servlet/ServletRequest;Ljavax/servlet/ServletResponse;)V+194
j  org.springframework.security.web.session.SessionManagementFilter.doFilter(Ljavax/servlet/ServletRequest;Ljavax/servlet/ServletResponse;Ljavax/servlet/FilterChain;)V+294
j  org.springframework.security.web.FilterChainProxy$VirtualFilterChain.doFilter(Ljavax/servlet/ServletRequest;Ljavax/servlet/ServletResponse;)V+194
j  org.springframework.security.web.authentication.AnonymousAuthenticationFilter.doFilter(Ljavax/servlet/ServletRequest;Ljavax/servlet/ServletResponse;Ljavax/servlet/FilterChain;)V+148
j  org.springframework.security.web.FilterChainProxy$VirtualFilterChain.doFilter(Ljavax/servlet/ServletRequest;Ljavax/servlet/ServletResponse;)V+194
j  org.springframework.security.web.authentication.rememberme.RememberMeAuthenticationFilter.doFilter(Ljavax/servlet/ServletRequest;Ljavax/servlet/ServletResponse;Ljavax/servlet/FilterChain;)V+309
j  org.springframework.security.web.FilterChainProxy$VirtualFilterChain.doFilter(Ljavax/servlet/ServletRequest;Ljavax/servlet/ServletResponse;)V+194
j  org.springframework.security.web.servletapi.SecurityContextHolderAwareRequestFilter.doFilter(Ljavax/servlet/ServletRequest;Ljavax/servlet/ServletResponse;Ljavax/servlet/FilterChain;)V+17
j  org.springframework.security.web.FilterChainProxy$VirtualFilterChain.doFilter(Ljavax/servlet/ServletRequest;Ljavax/servlet/ServletResponse;)V+194
j  org.springframework.security.web.savedrequest.RequestCacheAwareFilter.doFilter(Ljavax/servlet/ServletRequest;Ljavax/servlet/ServletResponse;Ljavax/servlet/FilterChain;)V+32
j  org.springframework.security.web.FilterChainProxy$VirtualFilterChain.doFilter(Ljavax/servlet/ServletRequest;Ljavax/servlet/ServletResponse;)V+194
j  org.springframework.security.web.authentication.www.BasicAuthenticationFilter.doFilter(Ljavax/servlet/ServletRequest;Ljavax/servlet/ServletResponse;Ljavax/servlet/FilterChain;)V+414
j  org.springframework.security.web.FilterChainProxy$VirtualFilterChain.doFilter(Ljavax/servlet/ServletRequest;Ljavax/servlet/ServletResponse;)V+194
j  org.springframework.security.web.authentication.ui.DefaultLoginPageGeneratingFilter.doFilter(Ljavax/servlet/ServletRequest;Ljavax/servlet/ServletResponse;Ljavax/servlet/FilterChain;)V+68
j  org.springframework.security.web.FilterChainProxy$VirtualFilterChain.doFilter(Ljavax/servlet/ServletRequest;Ljavax/servlet/ServletResponse;)V+194
j  org.springframework.security.web.authentication.AbstractAuthenticationProcessingFilter.doFilter(Ljavax/servlet/ServletRequest;Ljavax/servlet/ServletResponse;Ljavax/servlet/FilterChain;)V+28
j  org.springframework.security.web.FilterChainProxy$VirtualFilterChain.doFilter(Ljavax/servlet/ServletRequest;Ljavax/servlet/ServletResponse;)V+194
j  org.springframework.security.web.authentication.logout.LogoutFilter.doFilter(Ljavax/servlet/ServletRequest;Ljavax/servlet/ServletResponse;Ljavax/servlet/FilterChain;)V+149
j  org.springframework.security.web.FilterChainProxy$VirtualFilterChain.doFilter(Ljavax/servlet/ServletRequest;Ljavax/servlet/ServletResponse;)V+194
j  org.springframework.security.web.context.SecurityContextPersistenceFilter.doFilter(Ljavax/servlet/ServletRequest;Ljavax/servlet/ServletResponse;Ljavax/servlet/FilterChain;)V+165
j  org.springframework.security.web.FilterChainProxy$VirtualFilterChain.doFilter(Ljavax/servlet/ServletRequest;Ljavax/servlet/ServletResponse;)V+194
j  org.springframework.security.web.FilterChainProxy.doFilter(Ljavax/servlet/ServletRequest;Ljavax/servlet/ServletResponse;Ljavax/servlet/FilterChain;)V+146
j  org.springframework.web.filter.DelegatingFilterProxy.invokeDelegate(Ljavax/servlet/Filter;Ljavax/servlet/ServletRequest;Ljavax/servlet/ServletResponse;Ljavax/servlet/FilterChain;)V+5
j  org.springframework.web.filter.DelegatingFilterProxy.doFilter(Ljavax/servlet/ServletRequest;Ljavax/servlet/ServletResponse;Ljavax/servlet/FilterChain;)V+71
j  org.eclipse.jetty.servlet.ServletHandler$CachedChain.doFilter(Ljavax/servlet/ServletRequest;Ljavax/servlet/ServletResponse;)V+77
j  org.eclipse.jetty.servlet.ServletHandler.doHandle(Ljava/lang/String;Lorg/eclipse/jetty/server/Request;Ljavax/servlet/http/HttpServletRequest;Ljavax/servlet/http/HttpServletResponse;)V+183
j  org.eclipse.jetty.server.handler.ScopedHandler.handle(Ljava/lang/String;Lorg/eclipse/jetty/server/Request;Ljavax/servlet/http/HttpServletRequest;Ljavax/servlet/http/HttpServletResponse;)V+25
j  org.eclipse.jetty.security.SecurityHandler.handle(Ljava/lang/String;Lorg/eclipse/jetty/server/Request;Ljavax/servlet/http/HttpServletRequest;Ljavax/servlet/http/HttpServletResponse;)V+558
j  org.eclipse.jetty.server.session.SessionHandler.doHandle(Ljava/lang/String;Lorg/eclipse/jetty/server/Request;Ljavax/servlet/http/HttpServletRequest;Ljavax/servlet/http/HttpServletResponse;)V+68
j  org.eclipse.jetty.server.handler.ContextHandler.doHandle(Ljava/lang/String;Lorg/eclipse/jetty/server/Request;Ljavax/servlet/http/HttpServletRequest;Ljavax/servlet/http/HttpServletResponse;)V+206
j  org.eclipse.jetty.servlet.ServletHandler.doScope(Ljava/lang/String;Lorg/eclipse/jetty/server/Request;Ljavax/servlet/http/HttpServletRequest;Ljavax/servlet/http/HttpServletResponse;)V+322
j  org.eclipse.jetty.server.session.SessionHandler.doScope(Ljava/lang/String;Lorg/eclipse/jetty/server/Request;Ljavax/servlet/http/HttpServletRequest;Ljavax/servlet/http/HttpServletResponse;)V+233
j  org.eclipse.jetty.server.handler.ContextHandler.doScope(Ljava/lang/String;Lorg/eclipse/jetty/server/Request;Ljavax/servlet/http/HttpServletRequest;Ljavax/servlet/http/HttpServletResponse;)V+451
j  org.eclipse.jetty.server.handler.ScopedHandler.handle(Ljava/lang/String;Lorg/eclipse/jetty/server/Request;Ljavax/servlet/http/HttpServletRequest;Ljavax/servlet/http/HttpServletResponse;)V+13
j  org.eclipse.jetty.server.handler.ContextHandlerCollection.handle(Ljava/lang/String;Lorg/eclipse/jetty/server/Request;Ljavax/servlet/http/HttpServletRequest;Ljavax/servlet/http/HttpServletResponse;)V+399
j  org.eclipse.jetty.server.handler.HandlerCollection.handle(Ljava/lang/String;Lorg/eclipse/jetty/server/Request;Ljavax/servlet/http/HttpServletRequest;Ljavax/servlet/http/HttpServletResponse;)V+42
j  org.eclipse.jetty.server.handler.HandlerWrapper.handle(Ljava/lang/String;Lorg/eclipse/jetty/server/Request;Ljavax/servlet/http/HttpServletRequest;Ljavax/servlet/http/HttpServletResponse;)V+23
j  org.eclipse.jetty.server.Server.handle(Lorg/eclipse/jetty/server/HttpConnection;)V+134
j  org.eclipse.jetty.server.HttpConnection.handleRequest()V+228
j  org.eclipse.jetty.server.HttpConnection$RequestHandler.headerComplete()V+421
J  org.eclipse.jetty.http.HttpParser.parseNext()I
j  org.eclipse.jetty.http.HttpParser.parseAvailable()I+1
j  org.eclipse.jetty.server.AsyncHttpConnection.handle()Lorg/eclipse/jetty/io/Connection;+102
j  org.eclipse.jetty.io.nio.SelectChannelEndPoint.handle()V+10
j  org.eclipse.jetty.io.nio.SelectChannelEndPoint$1.run()V+4
J  org.eclipse.jetty.util.thread.QueuedThreadPool.runJob(Ljava/lang/Runnable;)V
j  org.eclipse.jetty.util.thread.QueuedThreadPool$3.run()V+47
j  java.lang.Thread.run()V+11
v  ~StubRoutines::call_stub

---------------  P R O C E S S  ---------------

Java Threads: ( => current thread )
  0x19e2cc00 JavaThread "AWT-Windows" daemon [_thread_in_native, id=5340, stack(0x1bce0000,0x1bd30000)]
  0x19e2c000 JavaThread "Java2D Disposer" daemon [_thread_blocked, id=4116, stack(0x1ba80000,0x1bad0000)]
  0x19e2b800 JavaThread "com.mchange.v2.async.ThreadPoolAsynchronousRunner$PoolThread-#2" daemon [_thread_blocked, id=1212, stack(0x1b760000,0x1b7b0000)]
  0x19e2b400 JavaThread "com.mchange.v2.async.ThreadPoolAsynchronousRunner$PoolThread-#1" daemon [_thread_blocked, id=4380, stack(0x1b6d0000,0x1b720000)]
  0x19e2ac00 JavaThread "com.mchange.v2.async.ThreadPoolAsynchronousRunner$PoolThread-#0" daemon [_thread_blocked, id=5260, stack(0x1b640000,0x1b690000)]
  0x19e2a800 JavaThread "Timer-0" daemon [_thread_blocked, id=1948, stack(0x1b5b0000,0x1b600000)]
  0x19e2a000 JavaThread "ModificationWatcher Task" daemon [_thread_blocked, id=5812, stack(0x1b520000,0x1b570000)]
  0x19e29c00 JavaThread "Wicket-PageSavingThread" daemon [_thread_blocked, id=4148, stack(0x1b490000,0x1b4e0000)]
  0x18ff3800 JavaThread "qtp24549422-24" [_thread_blocked, id=208, stack(0x1b400000,0x1b450000)]
  0x18ff3000 JavaThread "qtp24549422-23" [_thread_blocked, id=6072, stack(0x1b370000,0x1b3c0000)]
  0x19b2a000 JavaThread "qtp24549422-22" [_thread_blocked, id=5224, stack(0x1b2e0000,0x1b330000)]
=>0x19b29c00 JavaThread "qtp24549422-21" [_thread_in_vm, id=1068, stack(0x1b250000,0x1b2a0000)]
  0x19b29400 JavaThread "qtp24549422-20 Acceptor0 SslSocketConnector@0.0.0.0:8443 STARTING" [_thread_in_native, id=4156, stack(0x1b1c0000,0x1b210000)]
  0x18c59400 JavaThread "qtp24549422-19 Acceptor0 SelectChannelConnector@0.0.0.0:8080 STARTING" [_thread_in_native, id=3324, stack(0x19900000,0x19950000)]
  0x1a5a1c00 JavaThread "qtp24549422-18" [_thread_blocked, id=2292, stack(0x19870000,0x198c0000)]
  0x1a5a8000 JavaThread "qtp24549422-17 Selector0" [_thread_in_native, id=5384, stack(0x19820000,0x19870000)]
  0x1a718400 JavaThread "HashSessionScavenger-0" daemon [_thread_blocked, id=1568, stack(0x19320000,0x19370000)]
  0x18ef7000 JavaThread "com.google.inject.internal.util.$Finalizer" daemon [_thread_blocked, id=4488, stack(0x19290000,0x192e0000)]
  0x02453000 JavaThread "Low Memory Detector" daemon [_thread_blocked, id=456, stack(0x18b70000,0x18bc0000)]
  0x0244fc00 JavaThread "CompilerThread0" daemon [_thread_blocked, id=5964, stack(0x18ae0000,0x18b30000)]
  0x0243d400 JavaThread "JDWP Command Reader" daemon [_thread_in_native, id=1684, stack(0x18a50000,0x18aa0000)]
  0x0243c000 JavaThread "JDWP Event Helper Thread" daemon [_thread_blocked, id=5904, stack(0x189c0000,0x18a10000)]
  0x02439000 JavaThread "JDWP Transport Listener: dt_socket" daemon [_thread_blocked, id=2980, stack(0x18930000,0x18980000)]
  0x0242d000 JavaThread "Attach Listener" daemon [_thread_blocked, id=5860, stack(0x187f0000,0x18840000)]
  0x0242a000 JavaThread "Signal Dispatcher" daemon [_thread_blocked, id=5856, stack(0x18760000,0x187b0000)]
  0x023fbc00 JavaThread "Finalizer" daemon [_thread_blocked, id=480, stack(0x186d0000,0x18720000)]
  0x023f7000 JavaThread "Reference Handler" daemon [_thread_blocked, id=1888, stack(0x18640000,0x18690000)]
  0x00249c00 JavaThread "main" [_thread_blocked, id=4144, stack(0x00250000,0x002a0000)]

Other Threads:
  0x023f4800 VMThread [stack: 0x185b0000,0x18600000] [id=5888]
  0x02454000 WatcherThread [stack: 0x18c00000,0x18c50000] [id=1428]

VM state:not at safepoint (normal execution)

VM Mutex/Monitor currently owned by a thread: None

Heap
 def new generation   total 17600K, used 3513K [0x04460000, 0x05770000, 0x099b0000)
  eden space 15680K,  16% used [0x04460000, 0x046f2fa0, 0x053b0000)
  from space 1920K,  45% used [0x053b0000, 0x0548b6d8, 0x05590000)
  to   space 1920K,   0% used [0x05590000, 0x05590000, 0x05770000)
 tenured generation   total 38872K, used 23156K [0x099b0000, 0x0bfa6000, 0x14460000)
   the space 38872K,  59% used [0x099b0000, 0x0b04d1d8, 0x0b04d200, 0x0bfa6000)
 compacting perm gen  total 48128K, used 47990K [0x14460000, 0x17360000, 0x18460000)
   the space 48128K,  99% used [0x14460000, 0x1733da58, 0x1733dc00, 0x17360000)
No shared spaces configured.

Dynamic libraries:
0x00400000 - 0x00424000 	c:\program files (x86)\jetbrains\intellij idea 10.5.4\jre\jre\bin\java.exe
0x77be0000 - 0x77d60000 	C:\windows\SysWOW64\ntdll.dll
0x76c10000 - 0x76d10000 	C:\windows\syswow64\kernel32.dll
0x76480000 - 0x764c6000 	C:\windows\syswow64\KERNELBASE.dll
0x764d0000 - 0x76570000 	C:\windows\syswow64\ADVAPI32.dll
0x753a0000 - 0x7544c000 	C:\windows\syswow64\msvcrt.dll
0x76650000 - 0x76669000 	C:\windows\SysWOW64\sechost.dll
0x76de0000 - 0x76ed0000 	C:\windows\syswow64\RPCRT4.dll
0x752d0000 - 0x75330000 	C:\windows\syswow64\SspiCli.dll
0x752c0000 - 0x752cc000 	C:\windows\syswow64\CRYPTBASE.dll
0x7c340000 - 0x7c396000 	c:\program files (x86)\jetbrains\intellij idea 10.5.4\jre\jre\bin\msvcr71.dll
0x6d8a0000 - 0x6db47000 	c:\program files (x86)\jetbrains\intellij idea 10.5.4\jre\jre\bin\client\jvm.dll
0x75450000 - 0x75550000 	C:\windows\syswow64\USER32.dll
0x75550000 - 0x755e0000 	C:\windows\syswow64\GDI32.dll
0x75330000 - 0x7533a000 	C:\windows\syswow64\LPK.dll
0x76a50000 - 0x76aed000 	C:\windows\syswow64\USP10.dll
0x6fba0000 - 0x6fbd2000 	C:\windows\system32\WINMM.dll
0x772c0000 - 0x77320000 	C:\windows\system32\IMM32.DLL
0x76d10000 - 0x76ddc000 	C:\windows\syswow64\MSCTF.dll
0x72cd0000 - 0x72d1b000 	C:\windows\system32\apphelp.dll
0x6d850000 - 0x6d85c000 	c:\program files (x86)\jetbrains\intellij idea 10.5.4\jre\jre\bin\verify.dll
0x6d3d0000 - 0x6d3ef000 	c:\program files (x86)\jetbrains\intellij idea 10.5.4\jre\jre\bin\java.dll
0x6d330000 - 0x6d338000 	c:\program files (x86)\jetbrains\intellij idea 10.5.4\jre\jre\bin\hpi.dll
0x771f0000 - 0x771f5000 	C:\windows\syswow64\PSAPI.DLL
0x6d420000 - 0x6d449000 	c:\program files (x86)\jetbrains\intellij idea 10.5.4\jre\jre\bin\jdwp.dll
0x6d740000 - 0x6d746000 	c:\program files (x86)\jetbrains\intellij idea 10.5.4\jre\jre\bin\npt.dll
0x6d890000 - 0x6d89f000 	c:\program files (x86)\jetbrains\intellij idea 10.5.4\jre\jre\bin\zip.dll
0x6d2b0000 - 0x6d2b7000 	c:\program files (x86)\jetbrains\intellij idea 10.5.4\jre\jre\bin\dt_socket.dll
0x76ed0000 - 0x76f05000 	C:\windows\syswow64\WS2_32.dll
0x75820000 - 0x75826000 	C:\windows\syswow64\NSI.dll
0x73910000 - 0x7394c000 	C:\windows\system32\mswsock.dll
0x73900000 - 0x73905000 	C:\windows\System32\wshtcpip.dll
0x6d6b0000 - 0x6d6c3000 	C:\Program Files (x86)\JetBrains\IntelliJ IDEA 10.5.4\jre\jre\bin\net.dll
0x738f0000 - 0x738f6000 	C:\windows\System32\wship6.dll
0x6d6d0000 - 0x6d6d9000 	C:\Program Files (x86)\JetBrains\IntelliJ IDEA 10.5.4\jre\jre\bin\nio.dll
0x739a0000 - 0x739b6000 	C:\windows\system32\CRYPTSP.dll
0x73960000 - 0x7399b000 	C:\windows\system32\rsaenh.dll
0x74020000 - 0x74037000 	C:\windows\system32\USERENV.dll
0x73950000 - 0x7395b000 	C:\windows\system32\profapi.dll
0x71fe0000 - 0x71ff0000 	C:\windows\system32\NLAapi.dll
0x738a0000 - 0x738e4000 	C:\windows\system32\DNSAPI.dll
0x6a4c0000 - 0x6a4c8000 	C:\windows\System32\winrnr.dll
0x6a4b0000 - 0x6a4c0000 	C:\windows\system32\napinsp.dll
0x6a490000 - 0x6a4a2000 	C:\windows\system32\pnrpnsp.dll
0x721b0000 - 0x721d7000 	C:\Program Files (x86)\Common Files\Microsoft Shared\Windows Live\WLIDNSP.DLL
0x75340000 - 0x75397000 	C:\windows\syswow64\SHLWAPI.dll
0x71f30000 - 0x71f55000 	C:\Program Files (x86)\Bonjour\mdnsNSP.dll
0x73a60000 - 0x73a7c000 	C:\windows\system32\Iphlpapi.DLL
0x73a50000 - 0x73a57000 	C:\windows\system32\WINNSI.DLL
0x71fd0000 - 0x71fd6000 	C:\windows\system32\rasadhlp.dll
0x71ef0000 - 0x71f28000 	C:\windows\System32\fwpuclnt.dll
0x6d600000 - 0x6d609000 	C:\Program Files (x86)\JetBrains\IntelliJ IDEA 10.5.4\jre\jre\bin\management.dll
0x6d830000 - 0x6d838000 	C:\Program Files (x86)\JetBrains\IntelliJ IDEA 10.5.4\jre\jre\bin\sunmscapi.dll
0x76700000 - 0x7681c000 	C:\windows\syswow64\CRYPT32.dll
0x76610000 - 0x7661c000 	C:\windows\syswow64\MSASN1.dll
0x6d0b0000 - 0x6d1fa000 	C:\Program Files (x86)\JetBrains\IntelliJ IDEA 10.5.4\jre\jre\bin\awt.dll
0x73dc0000 - 0x73e11000 	C:\windows\system32\WINSPOOL.DRV
0x77090000 - 0x771ec000 	C:\windows\syswow64\ole32.dll
0x72010000 - 0x721ae000 	C:\windows\WinSxS\x86_microsoft.windows.common-controls_6595b64144ccf1df_6.0.7600.16661_none_420fe3fa2b8113bd\COMCTL32.dll
0x743e0000 - 0x743f3000 	C:\windows\system32\DWMAPI.DLL
0x728f0000 - 0x72970000 	C:\windows\system32\uxtheme.dll
0x75830000 - 0x76479000 	C:\windows\syswow64\shell32.dll
0x6d2e0000 - 0x6d32f000 	C:\Program Files (x86)\JetBrains\IntelliJ IDEA 10.5.4\jre\jre\bin\fontmanager.dll

VM Arguments:
jvm_args: -agentlib:jdwp=transport=dt_socket,address=127.0.0.1:50792,suspend=y,server=n -Dclassworlds.conf=C:\Program Files (x86)\Apache Software Foundation\apache-maven-3.0.3\bin\m2.conf -Dmaven.home=C:\Program Files (x86)\Apache Software Foundation\apache-maven-3.0.3 -Dfile.encoding=UTF-8 
java_command: org.codehaus.classworlds.Launcher --no-plugin-registry --fail-fast --no-plugin-updates --strict-checksums --update-snapshots -f C:\projects\radar\pom.xml jetty:run
Launcher Type: SUN_STANDARD

Environment Variables:
JAVA_HOME=C:\Program Files\Java\jdk1.6.0_23
PATH=C:\Program Files (x86)\JetBrains\IntelliJ IDEA 10.5.4\bin\..\.\bin;C:\Program Files\Common Files\Microsoft Shared\Windows Live;C:\Program Files (x86)\Common Files\Microsoft Shared\Windows Live;C:\windows\system32;C:\windows;C:\windows\System32\Wbem;C:\windows\System32\WindowsPowerShell\v1.0\;C:\Program Files (x86)\Windows Live\Shared;C:\Program Files\MySQL\MySQL Server 5.5\bin;C:\Program Files\Java\jdk1.6.0_23\bin;C:\Program Files\apache-ant-1.8.2\bin;C:\Program Files\TortoiseSVN\bin;C:\Program Files (x86)\Apache Software Foundation\apache-maven-3.0.3\bin;C:\Program Files\play-1.2.4;c:\program files (x86)\jetbrains\intellij idea 10.5.4\jre\jre\bin
USERNAME=afayes
OS=Windows_NT
PROCESSOR_IDENTIFIER=Intel64 Family 6 Model 37 Stepping 5, GenuineIntel



---------------  S Y S T E M  ---------------

OS: Windows 7 Build 7600 

CPU:total 4 (8 cores per cpu, 2 threads per core) family 6 model 37 stepping 5, cmov, cx8, fxsr, mmx, sse, sse2, sse3, ssse3, sse4.1, sse4.2, popcnt, ht

Memory: 4k page, physical 6151288k(3031976k free), swap 12300676k(8652016k free)

vm_info: Java HotSpot(TM) Client VM (17.1-b03) for windows-x86 JRE (1.6.0_22-b04), built on Sep 15 2010 00:56:36 by "java_re" with MS VC++ 7.1 (VS2003)

time: Mon Feb 27 14:38:01 2012
elapsed time: 5901 seconds

